<?xml version="1.0" encoding="UTF-8"?>
<!-- Generated by org.testng.reporters.JUnitXMLReporter -->
<testsuite hostname="RANJITH" ignored="0" name="Command line test" tests="6" failures="0" timestamp="2020-03-02T10:52:20 IST" time="0.084" errors="0">
  <testcase name="Android" time="0.007" classname="SeleniumFramework.AppiumTest"/>
  <testcase name="IOSApps" time="0.001" classname="SeleniumFramework.AppiumTest"/>
  <testcase name="DeleteTwitter" time="0.0" classname="SeleniumFramework.RESTAPITest"/>
  <testcase name="PostJira" time="0.0" classname="SeleniumFramework.RESTAPITest"/>
  <testcase name="BrowserAutomation" time="0.001" classname="SeleniumFramework.SeleniumTest"/>
  <testcase name="ElementsUI" time="0.0" classname="SeleniumFramework.SeleniumTest"/>
</testsuite> <!-- Command line test -->
