<?xml version="1.0" encoding="UTF-8"?>
<!-- Generated by org.testng.reporters.JUnitXMLReporter -->
<testsuite hostname="RANJITH" ignored="0" name="Test" tests="6" failures="0" timestamp="2020-03-02T11:13:39 IST" time="0.059" errors="0">
  <testcase name="DeleteTwitter" time="0.008" classname="SeleniumFramework.RESTAPITest"/>
  <testcase name="PostJira" time="0.001" classname="SeleniumFramework.RESTAPITest"/>
  <testcase name="BrowserAutomation" time="0.002" classname="SeleniumFramework.SeleniumTest"/>
  <testcase name="ElementsUI" time="0.001" classname="SeleniumFramework.SeleniumTest"/>
  <testcase name="Android" time="0.001" classname="SeleniumFramework.AppiumTest"/>
  <testcase name="IOSApps" time="0.001" classname="SeleniumFramework.AppiumTest"/>
</testsuite> <!-- Test -->
