<?xml version="1.0" encoding="UTF-8"?>
<testng-results skipped="0" failed="0" ignored="0" total="2" passed="2">
  <reporter-output>
  </reporter-output>
  <suite name="Default suite" duration-ms="106" started-at="2020-02-06T22:05:27 IST" finished-at="2020-02-06T22:05:27 IST">
    <groups>
    </groups>
    <test name="Default test" duration-ms="106" started-at="2020-02-06T22:05:27 IST" finished-at="2020-02-06T22:05:27 IST">
      <class name="SeleniumFramework.AppiumTest">
        <test-method status="PASS" signature="Android()[pri:0, instance:SeleniumFramework.AppiumTest@51cdd8a]" name="Android" duration-ms="22" started-at="2020-02-06T22:05:27 IST" finished-at="2020-02-06T22:05:27 IST">
          <reporter-output>
          </reporter-output>
        </test-method> <!-- Android -->
        <test-method status="PASS" signature="IOSApps()[pri:0, instance:SeleniumFramework.AppiumTest@51cdd8a]" name="IOSApps" duration-ms="2" started-at="2020-02-06T22:05:27 IST" finished-at="2020-02-06T22:05:27 IST">
          <reporter-output>
          </reporter-output>
        </test-method> <!-- IOSApps -->
      </class> <!-- SeleniumFramework.AppiumTest -->
    </test> <!-- Default test -->
  </suite> <!-- Default suite -->
</testng-results>
